  [1m[35m (0.2ms)[0m  [1m[35mCREATE DATABASE "WoanderBackend_development" ENCODING = 'unicode'[0m
  ↳ /home/pierre/.rbenv/versions/2.5.1/bin/rake:23
  [1m[35m (0.3ms)[0m  [1m[35mCREATE DATABASE "WoanderBackend_test" ENCODING = 'unicode'[0m
  ↳ /home/pierre/.rbenv/versions/2.5.1/bin/rake:23
  [1m[35m (12.0ms)[0m  [1m[35mCREATE TABLE "schema_migrations" ("version" character varying NOT NULL PRIMARY KEY)[0m
  ↳ /home/pierre/.rbenv/versions/2.5.1/bin/rake:23
  [1m[35m (5.2ms)[0m  [1m[35mCREATE TABLE "ar_internal_metadata" ("key" character varying NOT NULL PRIMARY KEY, "value" character varying, "created_at" timestamp NOT NULL, "updated_at" timestamp NOT NULL)[0m
  ↳ /home/pierre/.rbenv/versions/2.5.1/bin/rake:23
  [1m[35m (0.2ms)[0m  [1m[34mSELECT pg_try_advisory_lock(7482560887325638275)[0m
  ↳ /home/pierre/.rbenv/versions/2.5.1/bin/rake:23
  [1m[35m (0.4ms)[0m  [1m[34mSELECT "schema_migrations"."version" FROM "schema_migrations" ORDER BY "schema_migrations"."version" ASC[0m
  ↳ /home/pierre/.rbenv/versions/2.5.1/bin/rake:23
Migrating to Create (20180512183539)
  [1m[35m (0.3ms)[0m  [1m[34mSELECT pg_advisory_unlock(7482560887325638275)[0m
  ↳ /home/pierre/.rbenv/versions/2.5.1/bin/rake:23
  [1m[35m (0.2ms)[0m  [1m[34mSELECT pg_try_advisory_lock(7482560887325638275)[0m
  ↳ /home/pierre/.rbenv/versions/2.5.1/bin/rake:23
  [1m[35m (0.5ms)[0m  [1m[34mSELECT "schema_migrations"."version" FROM "schema_migrations" ORDER BY "schema_migrations"."version" ASC[0m
  ↳ /home/pierre/.rbenv/versions/2.5.1/bin/rake:23
Migrating to CreateUsers (20180512183539)
  [1m[35m (0.1ms)[0m  [1m[35mBEGIN[0m
  ↳ /home/pierre/.rbenv/versions/2.5.1/bin/rake:23
  [1m[35m (7.1ms)[0m  [1m[35mCREATE TABLE "users" ("id" bigserial primary key, "email" character varying, "username" character varying, "password" character varying, "created_at" timestamp NOT NULL, "updated_at" timestamp NOT NULL)[0m
  ↳ db/migrate/20180512183539_create_users.rb:3
  [1m[36mActiveRecord::SchemaMigration Create (0.3ms)[0m  [1m[32mINSERT INTO "schema_migrations" ("version") VALUES ($1) RETURNING "version"[0m  [["version", "20180512183539"]]
  ↳ /home/pierre/.rbenv/versions/2.5.1/bin/rake:23
  [1m[35m (1.4ms)[0m  [1m[35mCOMMIT[0m
  ↳ /home/pierre/.rbenv/versions/2.5.1/bin/rake:23
Migrating to CreatePosts (20180512183956)
  [1m[35m (0.2ms)[0m  [1m[35mBEGIN[0m
  ↳ /home/pierre/.rbenv/versions/2.5.1/bin/rake:23
  [1m[35m (4.9ms)[0m  [1m[35mCREATE TABLE "posts" ("id" bigserial primary key, "user_id" integer, "media_type" character varying, "media_link" text, "description" text, "created_at" timestamp NOT NULL, "updated_at" timestamp NOT NULL)[0m
  ↳ db/migrate/20180512183956_create_posts.rb:3
  [1m[36mActiveRecord::SchemaMigration Create (0.3ms)[0m  [1m[32mINSERT INTO "schema_migrations" ("version") VALUES ($1) RETURNING "version"[0m  [["version", "20180512183956"]]
  ↳ /home/pierre/.rbenv/versions/2.5.1/bin/rake:23
  [1m[35m (1.1ms)[0m  [1m[35mCOMMIT[0m
  ↳ /home/pierre/.rbenv/versions/2.5.1/bin/rake:23
Migrating to CreatePostLikes (20180512184703)
  [1m[35m (0.2ms)[0m  [1m[35mBEGIN[0m
  ↳ /home/pierre/.rbenv/versions/2.5.1/bin/rake:23
  [1m[35m (3.9ms)[0m  [1m[35mCREATE TABLE "post_likes" ("id" bigserial primary key, "user_id" integer, "post_id" integer, "created_at" timestamp NOT NULL, "updated_at" timestamp NOT NULL)[0m
  ↳ db/migrate/20180512184703_create_post_likes.rb:3
  [1m[36mActiveRecord::SchemaMigration Create (0.3ms)[0m  [1m[32mINSERT INTO "schema_migrations" ("version") VALUES ($1) RETURNING "version"[0m  [["version", "20180512184703"]]
  ↳ /home/pierre/.rbenv/versions/2.5.1/bin/rake:23
  [1m[35m (1.0ms)[0m  [1m[35mCOMMIT[0m
  ↳ /home/pierre/.rbenv/versions/2.5.1/bin/rake:23
Migrating to CreateComments (20180512184815)
  [1m[35m (0.1ms)[0m  [1m[35mBEGIN[0m
  ↳ /home/pierre/.rbenv/versions/2.5.1/bin/rake:23
  [1m[35m (5.1ms)[0m  [1m[35mCREATE TABLE "comments" ("id" bigserial primary key, "user_id" integer, "post_id" integer, "content" text, "created_at" timestamp NOT NULL, "updated_at" timestamp NOT NULL)[0m
  ↳ db/migrate/20180512184815_create_comments.rb:3
  [1m[36mActiveRecord::SchemaMigration Create (0.2ms)[0m  [1m[32mINSERT INTO "schema_migrations" ("version") VALUES ($1) RETURNING "version"[0m  [["version", "20180512184815"]]
  ↳ /home/pierre/.rbenv/versions/2.5.1/bin/rake:23
  [1m[35m (4.3ms)[0m  [1m[35mCOMMIT[0m
  ↳ /home/pierre/.rbenv/versions/2.5.1/bin/rake:23
Migrating to CreateCommentLikes (20180512184924)
  [1m[35m (0.7ms)[0m  [1m[35mBEGIN[0m
  ↳ /home/pierre/.rbenv/versions/2.5.1/bin/rake:23
  [1m[35m (5.7ms)[0m  [1m[35mCREATE TABLE "comment_likes" ("id" bigserial primary key, "user_id" integer, "comment_id" integer, "created_at" timestamp NOT NULL, "updated_at" timestamp NOT NULL)[0m
  ↳ db/migrate/20180512184924_create_comment_likes.rb:3
  [1m[36mActiveRecord::SchemaMigration Create (0.2ms)[0m  [1m[32mINSERT INTO "schema_migrations" ("version") VALUES ($1) RETURNING "version"[0m  [["version", "20180512184924"]]
  ↳ /home/pierre/.rbenv/versions/2.5.1/bin/rake:23
  [1m[35m (1.0ms)[0m  [1m[35mCOMMIT[0m
  ↳ /home/pierre/.rbenv/versions/2.5.1/bin/rake:23
  [1m[36mActiveRecord::InternalMetadata Load (0.3ms)[0m  [1m[34mSELECT  "ar_internal_metadata".* FROM "ar_internal_metadata" WHERE "ar_internal_metadata"."key" = $1 LIMIT $2[0m  [["key", "environment"], ["LIMIT", 1]]
  ↳ /home/pierre/.rbenv/versions/2.5.1/bin/rake:23
  [1m[35m (0.2ms)[0m  [1m[35mBEGIN[0m
  ↳ /home/pierre/.rbenv/versions/2.5.1/bin/rake:23
  [1m[36mActiveRecord::InternalMetadata Create (0.4ms)[0m  [1m[32mINSERT INTO "ar_internal_metadata" ("key", "value", "created_at", "updated_at") VALUES ($1, $2, $3, $4) RETURNING "key"[0m  [["key", "environment"], ["value", "development"], ["created_at", "2018-05-12 19:09:16.524543"], ["updated_at", "2018-05-12 19:09:16.524543"]]
  ↳ /home/pierre/.rbenv/versions/2.5.1/bin/rake:23
  [1m[35m (0.9ms)[0m  [1m[35mCOMMIT[0m
  ↳ /home/pierre/.rbenv/versions/2.5.1/bin/rake:23
  [1m[35m (0.2ms)[0m  [1m[34mSELECT pg_advisory_unlock(7482560887325638275)[0m
  ↳ /home/pierre/.rbenv/versions/2.5.1/bin/rake:23
  [1m[35m (0.2ms)[0m  [1m[34mSELECT "schema_migrations"."version" FROM "schema_migrations" ORDER BY "schema_migrations"."version" ASC[0m
  ↳ /home/pierre/.rbenv/versions/2.5.1/bin/rake:23
